#
# There is insufficient memory for the Java Runtime Environment to continue.
# Native memory allocation (mmap) failed to map 65536 bytes for Failed to commit area from 0x000002bc1c690000 to 0x000002bc1c6a0000 of length 65536.
# Possible reasons:
#   The system is out of physical RAM or swap space
#   The process is running with CompressedOops enabled, and the Java Heap may be blocking the growth of the native heap
# Possible solutions:
#   Reduce memory load on the system
#   Increase physical memory or swap space
#   Check if swap backing store is full
#   Decrease Java heap size (-Xmx/-Xms)
#   Decrease number of Java threads
#   Decrease Java thread stack sizes (-Xss)
#   Set larger code cache with -XX:ReservedCodeCacheSize=
# This output file may be truncated or incomplete.
#
#  Out of Memory Error (t:/workspace/open/src/hotspot/os/windows/os_windows.cpp:3221), pid=12244, tid=744
#
# JRE version:  (10.0.1+10) (build )
# Java VM: Java HotSpot(TM) 64-Bit Server VM (10.0.1+10, mixed mode, aot, tiered, compressed oops, g1 gc, windows-amd64)
# No core dump will be written. Minidumps are not enabled by default on client versions of Windows
#

---------------  S U M M A R Y ------------

Command Line: -javaagent:C:\Program Files\JetBrains\IntelliJ IDEA 2018.1.5\lib\idea_rt.jar=53700:C:\Program Files\JetBrains\IntelliJ IDEA 2018.1.5\bin -Dfile.encoding=UTF-8 venteEnLigne.MediaMain

Host: AMD A6-6310 APU with AMD Radeon R4 Graphics    , 4 cores, 6G,  Windows 10 , 64 bit Build 17134 (10.0.17134.1)
Time: Mon Jul 09 23:22:33 2018 Romance Daylight Time elapsed time: 0 seconds (0d 0h 0m 0s)

---------------  T H R E A D  ---------------

Current thread (0x000002bc7fb36000):  JavaThread "Unknown thread" [_thread_in_vm, id=744, stack(0x000000e28fc00000,0x000000e28fd00000)]

Stack: [0x000000e28fc00000,0x000000e28fd00000]
Native frames: (J=compiled Java code, j=interpreted, Vv=VM code, C=native code)
V  [jvm.dll+0x5a0369]
V  [jvm.dll+0x6bcf81]
V  [jvm.dll+0x6be176]
V  [jvm.dll+0x6be803]
V  [jvm.dll+0x234998]
V  [jvm.dll+0x59dc74]
V  [jvm.dll+0x592ab5]
V  [jvm.dll+0x2f625b]
V  [jvm.dll+0x2f61c5]
V  [jvm.dll+0x2f60a2]
V  [jvm.dll+0x2f8398]
V  [jvm.dll+0x3440f7]
V  [jvm.dll+0x3447e6]
V  [jvm.dll+0x3441d3]
V  [jvm.dll+0x2c43b8]
V  [jvm.dll+0x2c5501]
V  [jvm.dll+0x69d33b]
V  [jvm.dll+0x69eb5c]
V  [jvm.dll+0x351849]
V  [jvm.dll+0x6859c2]
V  [jvm.dll+0x3ba0a3]
V  [jvm.dll+0x3bc201]
C  [java.exe+0x3531]
C  [java.exe+0xe1af]
C  [java.exe+0xe356]
C  [KERNEL32.DLL+0x13034]
C  [ntdll.dll+0x71431]


---------------  P R O C E S S  ---------------

Threads class SMR info:
_java_thread_list=0x000002bc7d96c650, length=0, elements={
}

Java Threads: ( => current thread )

Other Threads:
  0x000002bc7fb50000 GCTaskThread "GC Thread#0" [stack: 0x000000e28fd00000,0x000000e28fe00000] [id=5064]
  0x000002bc7fb51800 GCTaskThread "GC Thread#1" [stack: 0x000000e28fe00000,0x000000e28ff00000] [id=5384]
  0x000002bc7fb53000 GCTaskThread "GC Thread#2" [stack: 0x000000e28ff00000,0x000000e290000000] [id=8732]
  0x000002bc7fb55800 GCTaskThread "GC Thread#3" [stack: 0x000000e290000000,0x000000e290100000] [id=11512]
  0x000002bc7fbb4000 ConcurrentGCThread "G1 Main Marker" [stack: 0x000000e290100000,0x000000e290200000] [id=10160]
  0x000002bc7fbb8800 ConcurrentGCThread "G1 Conc#0" [stack: 0x000000e290200000,0x000000e290300000] [id=11788]

[error occurred during error reporting (printing all threads), id 0xe0000002]

VM state:not at safepoint (not fully initialized)

VM Mutex/Monitor currently owned by a thread:  ([mutex/lock_event])
[0x000002bc7fb32160] Heap_lock - owner thread: 0x000002bc7fb36000

Heap address: 0x0000000090800000, size: 1784 MB, Compressed Oops mode: Non-zero based: 0x0000000090800000
Narrow klass base: 0x0000000000000000, Narrow klass shift: 0

GC Heap History (0 events):
No events

Deoptimization events (0 events):
No events

Classes redefined (0 events):
No events

Internal exceptions (0 events):
No events

Events (0 events):
No events


Dynamic libraries:
0x00007ff6bdc40000 - 0x00007ff6bdc7e000 	C:\Program Files\Java\jdk-10.0.1\bin\java.exe
0x00007ffb7d310000 - 0x00007ffb7d4f1000 	C:\WINDOWS\SYSTEM32\ntdll.dll
0x00007ffb7a990000 - 0x00007ffb7aa42000 	C:\WINDOWS\System32\KERNEL32.DLL
0x00007ffb7a060000 - 0x00007ffb7a2d3000 	C:\WINDOWS\System32\KERNELBASE.dll
0x00007ffb7c340000 - 0x00007ffb7c3e1000 	C:\WINDOWS\System32\ADVAPI32.dll
0x00007ffb7aa50000 - 0x00007ffb7aaee000 	C:\WINDOWS\System32\msvcrt.dll
0x00007ffb7d280000 - 0x00007ffb7d2db000 	C:\WINDOWS\System32\sechost.dll
0x00007ffb7cd80000 - 0x00007ffb7cea4000 	C:\WINDOWS\System32\RPCRT4.dll
0x00007ffb7a7a0000 - 0x00007ffb7a930000 	C:\WINDOWS\System32\USER32.dll
0x00007ffb7a590000 - 0x00007ffb7a5b0000 	C:\WINDOWS\System32\win32u.dll
0x00007ffb7cb40000 - 0x00007ffb7cb68000 	C:\WINDOWS\System32\GDI32.dll
0x00007ffb7a390000 - 0x00007ffb7a522000 	C:\WINDOWS\System32\gdi32full.dll
0x00007ffb79fc0000 - 0x00007ffb7a05f000 	C:\WINDOWS\System32\msvcp_win.dll
0x00007ffb796e0000 - 0x00007ffb797da000 	C:\WINDOWS\System32\ucrtbase.dll
0x00007ffb6b780000 - 0x00007ffb6b9e9000 	C:\WINDOWS\WinSxS\amd64_microsoft.windows.common-controls_6595b64144ccf1df_6.0.17134.112_none_fb3f961b30681c12\COMCTL32.dll
0x00007ffb7cf50000 - 0x00007ffb7d273000 	C:\WINDOWS\System32\combase.dll
0x00007ffb79f40000 - 0x00007ffb79fba000 	C:\WINDOWS\System32\bcryptPrimitives.dll
0x00007ffb74c50000 - 0x00007ffb74c5a000 	C:\WINDOWS\SYSTEM32\VERSION.dll
0x00007ffb7cbe0000 - 0x00007ffb7cc0d000 	C:\WINDOWS\System32\IMM32.DLL
0x00007ffb6fe10000 - 0x00007ffb6feff000 	C:\Program Files\Java\jdk-10.0.1\bin\msvcr120.dll
0x00007ffb6e510000 - 0x00007ffb6e5b6000 	C:\Program Files\Java\jdk-10.0.1\bin\msvcp120.dll
0x0000000076ab0000 - 0x0000000077520000 	C:\Program Files\Java\jdk-10.0.1\bin\server\jvm.dll
0x00007ffb7aef0000 - 0x00007ffb7aef8000 	C:\WINDOWS\System32\PSAPI.DLL
0x00007ffb6faa0000 - 0x00007ffb6faa9000 	C:\WINDOWS\SYSTEM32\WSOCK32.dll
0x00007ffb760c0000 - 0x00007ffb760e3000 	C:\WINDOWS\SYSTEM32\WINMM.dll
0x00007ffb7cb70000 - 0x00007ffb7cbdc000 	C:\WINDOWS\System32\WS2_32.dll
0x00007ffb76090000 - 0x00007ffb760ba000 	C:\WINDOWS\SYSTEM32\WINMMBASE.dll
0x00007ffb797e0000 - 0x00007ffb79829000 	C:\WINDOWS\System32\cfgmgr32.dll
0x00007ffb75d70000 - 0x00007ffb75d7f000 	C:\Program Files\Java\jdk-10.0.1\bin\verify.dll
0x00007ffb752e0000 - 0x00007ffb754a9000 	C:\WINDOWS\SYSTEM32\DBGHELP.DLL
0x00007ffb698f0000 - 0x00007ffb69919000 	C:\WINDOWS\SYSTEM32\dbgcore.DLL
0x00007ffb74060000 - 0x00007ffb74087000 	C:\Program Files\Java\jdk-10.0.1\bin\java.dll
0x00007ffb73cd0000 - 0x00007ffb73cfa000 	C:\Program Files\Java\jdk-10.0.1\bin\instrument.dll
0x00007ffb75d50000 - 0x00007ffb75d66000 	C:\Program Files\Java\jdk-10.0.1\bin\zip.dll
0x00007ffb74050000 - 0x00007ffb7405a000 	C:\Program Files\Java\jdk-10.0.1\bin\jimage.dll

dbghelp: loaded successfully - version: 4.0.5 - missing functions: none
symbol engine: initialized successfully - sym options: 0x614 - pdb path: .;C:\Program Files\Java\jdk-10.0.1\bin;C:\WINDOWS\SYSTEM32;C:\WINDOWS\WinSxS\amd64_microsoft.windows.common-controls_6595b64144ccf1df_6.0.17134.112_none_fb3f961b30681c12;C:\Program Files\Java\jdk-10.0.1\bin\server

VM Arguments:
jvm_args: -javaagent:C:\Program Files\JetBrains\IntelliJ IDEA 2018.1.5\lib\idea_rt.jar=53700:C:\Program Files\JetBrains\IntelliJ IDEA 2018.1.5\bin -Dfile.encoding=UTF-8 
java_command: venteEnLigne.MediaMain
java_class_path (initial): C:\Users\Attila311\IdeaProjects\Media\target\classes;C:\Users\Attila311\.m2\repository\postgresql\postgresql\9.1-901-1.jdbc4\postgresql-9.1-901-1.jdbc4.jar
Launcher Type: SUN_STANDARD

Logging:
Log output configuration:
#0: stdout all=warning uptime,level,tags
#1: stderr all=off uptime,level,tags

Environment Variables:
PATH=C:\Program Files (x86)\Common Files\Oracle\Java\javapath;c:\devkitPro\msys\bin;C:\ProgramData\Oracle\Java\javapath;C:\WINDOWS\system32;C:\WINDOWS;C:\WINDOWS\System32\Wbem;C:\WINDOWS\System32\WindowsPowerShell\v1.0\;C:\Program Files (x86)\Common Files\lenovo\easyplussdk\bin;C:\Program Files (x86)\ATI Technologies\ATI.ACE\Core-Static;C:\Program Files\MATLAB\R2016a\runtime\win64;C:\Program Files\MATLAB\R2016a\bin;C:\Program Files\MATLAB\R2016a\polyspace\bin;C:\CooCox\CoIDE_V2Beta\gcc\bin;C:\CooCox\CoIDE_V2Beta\bin;C:\Users\Attila311\AppData\Local\Microsoft\WindowsApps;C:\adb;C:\Program Files (x86)\GtkSharp\2.12\bin;C:\Program Files (x86)\Windows Kits\8.1\Windows Performance Toolkit\;C:\Program Files (x86)\Windows Kits\10\Windows Performance Toolkit\;C:\WINDOWS\system32;C:\WINDOWS;C:\WINDOWS\System32\Wbem;C:\WINDOWS\System32\WindowsPowerShell\v1.0\;C:\devkitPro\msys;C:\WINDOWS\System32\OpenSSH\;C:\Program Files\Git\cmd;C:\PostgreSQL\pg10\bin;C:\Program Files (x86)\Microsoft SQL Server\140\Tools\Binn\;C:\Program Files (x86)\Microsoft SQL Server\Client SDK\ODBC\130\Tools\Binn\;C:\Program Files (x86)\Microsoft SQL Server\140\DTS\Binn\;C:\Program Files\Microsoft SQL Server\Client SDK\ODBC\130\Tools\Binn\;C:\Program Files\Microsoft SQL Server\140\Tools\Binn\;C:\Program Files\Microsoft SQL Server\140\DTS\Binn\;C:\Program Files (x86)\Microsoft SQL Server\140\Tools\Binn\ManagementStudio\;C:\Users\Attila311\AppData\Local\Microsoft\WindowsApps;C:\Users\Attila311\AppData\Local\GitHubDesktop\bin;C:\Users\Attila311\AppData\Local\Microsoft\WindowsApps;C:\Program Files\Java\jdk-10.0.1\bin;
USERNAME=Attila311
OS=Windows_NT
PROCESSOR_IDENTIFIER=AMD64 Family 22 Model 48 Stepping 1, AuthenticAMD



---------------  S Y S T E M  ---------------

OS: Windows 10 , 64 bit Build 17134 (10.0.17134.1)

CPU:total 4 (initial active 4) (4 cores per cpu, 1 threads per core) family 22 model 48 stepping 1, cmov, cx8, fxsr, mmx, sse, sse2, sse3, ssse3, sse4.1, sse4.2, popcnt, avx, aes, clmul, mmxext, 3dnowpref, lzcnt, sse4a, tsc, tscinvbit, tscinv, bmi1

Memory: 4k page, physical 7299348k(2371360k free), swap 7299348k(861440k free)

vm_info: Java HotSpot(TM) 64-Bit Server VM (10.0.1+10) for windows-amd64 JRE (10.0.1+10), built on Mar 27 2018 02:27:48 by "mach5one" with MS VC++ 12.0 (VS2013)

END.
